<?xml version="1.0" encoding="UTF-8"?>
<testsuite xmlns:xsi="http://www.w3.org/2001/XMLSchema-instance" xsi:noNamespaceSchemaLocation="https://maven.apache.org/surefire/maven-surefire-plugin/xsd/surefire-test-report.xsd" name="CucumberOptions.TestRunner" time="0.048" tests="1" errors="1" skipped="0" failures="0">
  <properties>
    <property name="sun.desktop" value="gnome"/>
    <property name="awt.toolkit" value="sun.awt.X11.XToolkit"/>
    <property name="java.specification.version" value="11"/>
    <property name="sun.cpu.isalist" value=""/>
    <property name="sun.jnu.encoding" value="UTF-8"/>
    <property name="java.class.path" value="/sysroot/home/suman/automation/cucmberautomationextentcucumber/automation/target/test-classes:/sysroot/home/suman/automation/cucmberautomationextentcucumber/automation/target/classes:/sysroot/home/suman/.m2/repository/io/cucumber/cucumber-java/3.0.2/cucumber-java-3.0.2.jar:/sysroot/home/suman/.m2/repository/io/cucumber/cucumber-core/3.0.2/cucumber-core-3.0.2.jar:/sysroot/home/suman/.m2/repository/io/cucumber/cucumber-html/0.2.7/cucumber-html-0.2.7.jar:/sysroot/home/suman/.m2/repository/io/cucumber/tag-expressions/1.1.1/tag-expressions-1.1.1.jar:/sysroot/home/suman/.m2/repository/io/cucumber/cucumber-expressions/5.0.19/cucumber-expressions-5.0.19.jar:/sysroot/home/suman/.m2/repository/io/cucumber/datatable/1.0.3/datatable-1.0.3.jar:/sysroot/home/suman/.m2/repository/io/cucumber/datatable-dependencies/1.0.3/datatable-dependencies-1.0.3.jar:/sysroot/home/suman/.m2/repository/io/cucumber/cucumber-junit/3.0.2/cucumber-junit-3.0.2.jar:/sysroot/home/suman/.m2/repository/com/vimalselvam/cucumber-extentsreport/3.0.2/cucumber-extentsreport-3.0.2.jar:/sysroot/home/suman/.m2/repository/io/cucumber/cucumber-picocontainer/3.0.2/cucumber-picocontainer-3.0.2.jar:/sysroot/home/suman/.m2/repository/io/cucumber/gherkin/5.0.0/gherkin-5.0.0.jar:/sysroot/home/suman/.m2/repository/org/picocontainer/picocontainer/2.15/picocontainer-2.15.jar:/sysroot/home/suman/.m2/repository/org/seleniumhq/selenium/selenium-java/3.14.0/selenium-java-3.14.0.jar:/sysroot/home/suman/.m2/repository/org/seleniumhq/selenium/selenium-api/3.14.0/selenium-api-3.14.0.jar:/sysroot/home/suman/.m2/repository/org/seleniumhq/selenium/selenium-chrome-driver/3.14.0/selenium-chrome-driver-3.14.0.jar:/sysroot/home/suman/.m2/repository/org/seleniumhq/selenium/selenium-edge-driver/3.14.0/selenium-edge-driver-3.14.0.jar:/sysroot/home/suman/.m2/repository/org/seleniumhq/selenium/selenium-firefox-driver/3.14.0/selenium-firefox-driver-3.14.0.jar:/sysroot/home/suman/.m2/repository/org/seleniumhq/selenium/selenium-ie-driver/3.14.0/selenium-ie-driver-3.14.0.jar:/sysroot/home/suman/.m2/repository/org/seleniumhq/selenium/selenium-opera-driver/3.14.0/selenium-opera-driver-3.14.0.jar:/sysroot/home/suman/.m2/repository/org/seleniumhq/selenium/selenium-remote-driver/3.14.0/selenium-remote-driver-3.14.0.jar:/sysroot/home/suman/.m2/repository/org/seleniumhq/selenium/selenium-safari-driver/3.14.0/selenium-safari-driver-3.14.0.jar:/sysroot/home/suman/.m2/repository/org/seleniumhq/selenium/selenium-support/3.14.0/selenium-support-3.14.0.jar:/sysroot/home/suman/.m2/repository/net/bytebuddy/byte-buddy/1.8.15/byte-buddy-1.8.15.jar:/sysroot/home/suman/.m2/repository/org/apache/commons/commons-exec/1.3/commons-exec-1.3.jar:/sysroot/home/suman/.m2/repository/commons-codec/commons-codec/1.10/commons-codec-1.10.jar:/sysroot/home/suman/.m2/repository/commons-logging/commons-logging/1.2/commons-logging-1.2.jar:/sysroot/home/suman/.m2/repository/com/google/guava/guava/25.0-jre/guava-25.0-jre.jar:/sysroot/home/suman/.m2/repository/com/google/code/findbugs/jsr305/1.3.9/jsr305-1.3.9.jar:/sysroot/home/suman/.m2/repository/org/checkerframework/checker-compat-qual/2.0.0/checker-compat-qual-2.0.0.jar:/sysroot/home/suman/.m2/repository/com/google/errorprone/error_prone_annotations/2.1.3/error_prone_annotations-2.1.3.jar:/sysroot/home/suman/.m2/repository/com/google/j2objc/j2objc-annotations/1.1/j2objc-annotations-1.1.jar:/sysroot/home/suman/.m2/repository/org/codehaus/mojo/animal-sniffer-annotations/1.14/animal-sniffer-annotations-1.14.jar:/sysroot/home/suman/.m2/repository/org/apache/httpcomponents/httpclient/4.5.5/httpclient-4.5.5.jar:/sysroot/home/suman/.m2/repository/org/apache/httpcomponents/httpcore/4.4.9/httpcore-4.4.9.jar:/sysroot/home/suman/.m2/repository/com/squareup/okhttp3/okhttp/3.10.0/okhttp-3.10.0.jar:/sysroot/home/suman/.m2/repository/com/squareup/okio/okio/1.14.1/okio-1.14.1.jar:/sysroot/home/suman/.m2/repository/org/apache/directory/studio/org.apache.commons.io/2.4/org.apache.commons.io-2.4.jar:/sysroot/home/suman/.m2/repository/commons-io/commons-io/2.4/commons-io-2.4.jar:/sysroot/home/suman/.m2/repository/org/apache/commons/commons-lang3/3.3.2/commons-lang3-3.3.2.jar:/sysroot/home/suman/.m2/repository/info/cukes/gherkin/2.7.3/gherkin-2.7.3.jar:/sysroot/home/suman/.m2/repository/com/googlecode/json-simple/json-simple/1.1/json-simple-1.1.jar:/sysroot/home/suman/.m2/repository/net/iharder/base64/2.3.8/base64-2.3.8.jar:/sysroot/home/suman/.m2/repository/junit/junit/4.12/junit-4.12.jar:/sysroot/home/suman/.m2/repository/org/hamcrest/hamcrest-core/1.3/hamcrest-core-1.3.jar:"/>
    <property name="java.vm.vendor" value="Oracle Corporation"/>
    <property name="sun.arch.data.model" value="64"/>
    <property name="java.vendor.url" value="http://java.oracle.com/"/>
    <property name="user.timezone" value=""/>
    <property name="java.vm.specification.version" value="11"/>
    <property name="os.name" value="Linux"/>
    <property name="sun.java.launcher" value="SUN_STANDARD"/>
    <property name="user.country" value="US"/>
    <property name="sun.boot.library.path" value="/sysroot/home/suman/Downloads/jdk-11.0.1_linux-x64_bin/jdk-11.0.1/lib"/>
    <property name="sun.java.command" value="/sysroot/home/suman/automation/cucmberautomationextentcucumber/automation/target/surefire/surefirebooter11080660409838111984.jar /sysroot/home/suman/automation/cucmberautomationextentcucumber/automation/target/surefire 2018-12-20T22-44-59_565-jvmRun1 surefire17590972867206302460tmp surefire_011720674078477007138tmp"/>
    <property name="jdk.debug" value="release"/>
    <property name="surefire.test.class.path" value="/sysroot/home/suman/automation/cucmberautomationextentcucumber/automation/target/test-classes:/sysroot/home/suman/automation/cucmberautomationextentcucumber/automation/target/classes:/sysroot/home/suman/.m2/repository/io/cucumber/cucumber-java/3.0.2/cucumber-java-3.0.2.jar:/sysroot/home/suman/.m2/repository/io/cucumber/cucumber-core/3.0.2/cucumber-core-3.0.2.jar:/sysroot/home/suman/.m2/repository/io/cucumber/cucumber-html/0.2.7/cucumber-html-0.2.7.jar:/sysroot/home/suman/.m2/repository/io/cucumber/tag-expressions/1.1.1/tag-expressions-1.1.1.jar:/sysroot/home/suman/.m2/repository/io/cucumber/cucumber-expressions/5.0.19/cucumber-expressions-5.0.19.jar:/sysroot/home/suman/.m2/repository/io/cucumber/datatable/1.0.3/datatable-1.0.3.jar:/sysroot/home/suman/.m2/repository/io/cucumber/datatable-dependencies/1.0.3/datatable-dependencies-1.0.3.jar:/sysroot/home/suman/.m2/repository/io/cucumber/cucumber-junit/3.0.2/cucumber-junit-3.0.2.jar:/sysroot/home/suman/.m2/repository/com/vimalselvam/cucumber-extentsreport/3.0.2/cucumber-extentsreport-3.0.2.jar:/sysroot/home/suman/.m2/repository/io/cucumber/cucumber-picocontainer/3.0.2/cucumber-picocontainer-3.0.2.jar:/sysroot/home/suman/.m2/repository/io/cucumber/gherkin/5.0.0/gherkin-5.0.0.jar:/sysroot/home/suman/.m2/repository/org/picocontainer/picocontainer/2.15/picocontainer-2.15.jar:/sysroot/home/suman/.m2/repository/org/seleniumhq/selenium/selenium-java/3.14.0/selenium-java-3.14.0.jar:/sysroot/home/suman/.m2/repository/org/seleniumhq/selenium/selenium-api/3.14.0/selenium-api-3.14.0.jar:/sysroot/home/suman/.m2/repository/org/seleniumhq/selenium/selenium-chrome-driver/3.14.0/selenium-chrome-driver-3.14.0.jar:/sysroot/home/suman/.m2/repository/org/seleniumhq/selenium/selenium-edge-driver/3.14.0/selenium-edge-driver-3.14.0.jar:/sysroot/home/suman/.m2/repository/org/seleniumhq/selenium/selenium-firefox-driver/3.14.0/selenium-firefox-driver-3.14.0.jar:/sysroot/home/suman/.m2/repository/org/seleniumhq/selenium/selenium-ie-driver/3.14.0/selenium-ie-driver-3.14.0.jar:/sysroot/home/suman/.m2/repository/org/seleniumhq/selenium/selenium-opera-driver/3.14.0/selenium-opera-driver-3.14.0.jar:/sysroot/home/suman/.m2/repository/org/seleniumhq/selenium/selenium-remote-driver/3.14.0/selenium-remote-driver-3.14.0.jar:/sysroot/home/suman/.m2/repository/org/seleniumhq/selenium/selenium-safari-driver/3.14.0/selenium-safari-driver-3.14.0.jar:/sysroot/home/suman/.m2/repository/org/seleniumhq/selenium/selenium-support/3.14.0/selenium-support-3.14.0.jar:/sysroot/home/suman/.m2/repository/net/bytebuddy/byte-buddy/1.8.15/byte-buddy-1.8.15.jar:/sysroot/home/suman/.m2/repository/org/apache/commons/commons-exec/1.3/commons-exec-1.3.jar:/sysroot/home/suman/.m2/repository/commons-codec/commons-codec/1.10/commons-codec-1.10.jar:/sysroot/home/suman/.m2/repository/commons-logging/commons-logging/1.2/commons-logging-1.2.jar:/sysroot/home/suman/.m2/repository/com/google/guava/guava/25.0-jre/guava-25.0-jre.jar:/sysroot/home/suman/.m2/repository/com/google/code/findbugs/jsr305/1.3.9/jsr305-1.3.9.jar:/sysroot/home/suman/.m2/repository/org/checkerframework/checker-compat-qual/2.0.0/checker-compat-qual-2.0.0.jar:/sysroot/home/suman/.m2/repository/com/google/errorprone/error_prone_annotations/2.1.3/error_prone_annotations-2.1.3.jar:/sysroot/home/suman/.m2/repository/com/google/j2objc/j2objc-annotations/1.1/j2objc-annotations-1.1.jar:/sysroot/home/suman/.m2/repository/org/codehaus/mojo/animal-sniffer-annotations/1.14/animal-sniffer-annotations-1.14.jar:/sysroot/home/suman/.m2/repository/org/apache/httpcomponents/httpclient/4.5.5/httpclient-4.5.5.jar:/sysroot/home/suman/.m2/repository/org/apache/httpcomponents/httpcore/4.4.9/httpcore-4.4.9.jar:/sysroot/home/suman/.m2/repository/com/squareup/okhttp3/okhttp/3.10.0/okhttp-3.10.0.jar:/sysroot/home/suman/.m2/repository/com/squareup/okio/okio/1.14.1/okio-1.14.1.jar:/sysroot/home/suman/.m2/repository/org/apache/directory/studio/org.apache.commons.io/2.4/org.apache.commons.io-2.4.jar:/sysroot/home/suman/.m2/repository/commons-io/commons-io/2.4/commons-io-2.4.jar:/sysroot/home/suman/.m2/repository/org/apache/commons/commons-lang3/3.3.2/commons-lang3-3.3.2.jar:/sysroot/home/suman/.m2/repository/info/cukes/gherkin/2.7.3/gherkin-2.7.3.jar:/sysroot/home/suman/.m2/repository/com/googlecode/json-simple/json-simple/1.1/json-simple-1.1.jar:/sysroot/home/suman/.m2/repository/net/iharder/base64/2.3.8/base64-2.3.8.jar:/sysroot/home/suman/.m2/repository/junit/junit/4.12/junit-4.12.jar:/sysroot/home/suman/.m2/repository/org/hamcrest/hamcrest-core/1.3/hamcrest-core-1.3.jar:"/>
    <property name="sun.cpu.endian" value="little"/>
    <property name="user.home" value="/sysroot/home/suman"/>
    <property name="user.language" value="en"/>
    <property name="java.specification.vendor" value="Oracle Corporation"/>
    <property name="java.version.date" value="2018-10-16"/>
    <property name="java.home" value="/sysroot/home/suman/Downloads/jdk-11.0.1_linux-x64_bin/jdk-11.0.1"/>
    <property name="file.separator" value="/"/>
    <property name="basedir" value="/sysroot/home/suman/automation/cucmberautomationextentcucumber/automation"/>
    <property name="java.vm.compressedOopsMode" value="32-bit"/>
    <property name="line.separator" value="&#10;"/>
    <property name="java.specification.name" value="Java Platform API Specification"/>
    <property name="java.vm.specification.vendor" value="Oracle Corporation"/>
    <property name="java.awt.graphicsenv" value="sun.awt.X11GraphicsEnvironment"/>
    <property name="surefire.real.class.path" value="/sysroot/home/suman/automation/cucmberautomationextentcucumber/automation/target/surefire/surefirebooter11080660409838111984.jar"/>
    <property name="sun.management.compiler" value="HotSpot 64-Bit Tiered Compilers"/>
    <property name="java.runtime.version" value="11.0.1+13-LTS"/>
    <property name="user.name" value="suman"/>
    <property name="path.separator" value=":"/>
    <property name="os.version" value="4.15.0-15-generic"/>
    <property name="java.runtime.name" value="Java(TM) SE Runtime Environment"/>
    <property name="file.encoding" value="UTF-8"/>
    <property name="java.vm.name" value="Java HotSpot(TM) 64-Bit Server VM"/>
    <property name="java.vendor.version" value="18.9"/>
    <property name="localRepository" value="/sysroot/home/suman/.m2/repository"/>
    <property name="java.vendor.url.bug" value="http://bugreport.java.com/bugreport/"/>
    <property name="java.io.tmpdir" value="/tmp"/>
    <property name="java.version" value="11.0.1"/>
    <property name="user.dir" value="/sysroot/home/suman/automation/cucmberautomationextentcucumber/automation"/>
    <property name="os.arch" value="amd64"/>
    <property name="java.vm.specification.name" value="Java Virtual Machine Specification"/>
    <property name="java.awt.printerjob" value="sun.print.PSPrinterJob"/>
    <property name="sun.os.patch.level" value="unknown"/>
    <property name="java.library.path" value="/usr/java/packages/lib:/usr/lib64:/lib64:/lib:/usr/lib"/>
    <property name="java.vendor" value="Oracle Corporation"/>
    <property name="java.vm.info" value="mixed mode"/>
    <property name="java.vm.version" value="11.0.1+13-LTS"/>
    <property name="sun.io.unicode.encoding" value="UnicodeLittle"/>
    <property name="java.class.version" value="55.0"/>
  </properties>
  <testcase name="initializationError" classname="CucumberOptions.TestRunner" time="0.009">
    <error message="Couldn&apos;t load plugin class: com.cucumber.listener.ExtentCucumberFormatter. It does not implement cucumber.api.Plugin" type="cucumber.runtime.CucumberException">cucumber.runtime.CucumberException: Couldn't load plugin class: com.cucumber.listener.ExtentCucumberFormatter. It does not implement cucumber.api.Plugin
</error>
  </testcase>
</testsuite>